This file contains any messages produced by compilers while
running configure, to aid debugging if configure makes a mistake.

It was created by LibFIR configure 1.0, which was
generated by GNU Autoconf 2.68.  Invocation command line was

  $ ./configure 

## --------- ##
## Platform. ##
## --------- ##

hostname = bp1-x61
uname -m = i686
uname -r = 3.2.0-45-generic
uname -s = Linux
uname -v = #70-Ubuntu SMP Wed May 29 20:11:31 UTC 2013

/usr/bin/uname -p = unknown
/bin/uname -X     = unknown

/bin/arch              = unknown
/usr/bin/arch -k       = unknown
/usr/convex/getsysinfo = unknown
/usr/bin/hostinfo      = unknown
/bin/machine           = unknown
/usr/bin/oslevel       = unknown
/bin/universe          = unknown

PATH: /usr/lib/lightdm/lightdm
PATH: /usr/local/sbin
PATH: /usr/local/bin
PATH: /usr/sbin
PATH: /usr/bin
PATH: /sbin
PATH: /bin
PATH: /usr/games


## ----------- ##
## Core tests. ##
## ----------- ##

configure:2269: checking for a BSD-compatible install
configure:2337: result: /usr/bin/install -c
configure:2348: checking whether build environment is sane
configure:2398: result: yes
configure:2539: checking for a thread-safe mkdir -p
configure:2578: result: /bin/mkdir -p
configure:2591: checking for gawk
configure:2607: found /usr/bin/gawk
configure:2618: result: gawk
configure:2629: checking whether make sets $(MAKE)
configure:2651: result: yes
configure:2784: checking for g++
configure:2800: found /usr/bin/g++
configure:2811: result: g++
configure:2838: checking for C++ compiler version
configure:2847: g++ --version >&5
g++ (Ubuntu/Linaro 4.6.3-1ubuntu5) 4.6.3
Copyright (C) 2011 Free Software Foundation, Inc.
This is free software; see the source for copying conditions.  There is NO
warranty; not even for MERCHANTABILITY or FITNESS FOR A PARTICULAR PURPOSE.

configure:2858: $? = 0
configure:2847: g++ -v >&5
Using built-in specs.
COLLECT_GCC=g++
COLLECT_LTO_WRAPPER=/usr/lib/gcc/i686-linux-gnu/4.6/lto-wrapper
Target: i686-linux-gnu
Configured with: ../src/configure -v --with-pkgversion='Ubuntu/Linaro 4.6.3-1ubuntu5' --with-bugurl=file:///usr/share/doc/gcc-4.6/README.Bugs --enable-languages=c,c++,fortran,objc,obj-c++ --prefix=/usr --program-suffix=-4.6 --enable-shared --enable-linker-build-id --with-system-zlib --libexecdir=/usr/lib --without-included-gettext --enable-threads=posix --with-gxx-include-dir=/usr/include/c++/4.6 --libdir=/usr/lib --enable-nls --with-sysroot=/ --enable-clocale=gnu --enable-libstdcxx-debug --enable-libstdcxx-time=yes --enable-gnu-unique-object --enable-plugin --enable-objc-gc --enable-targets=all --disable-werror --with-arch-32=i686 --with-tune=generic --enable-checking=release --build=i686-linux-gnu --host=i686-linux-gnu --target=i686-linux-gnu
Thread model: posix
gcc version 4.6.3 (Ubuntu/Linaro 4.6.3-1ubuntu5) 
configure:2858: $? = 0
configure:2847: g++ -V >&5
g++: error: unrecognized option '-V'
g++: fatal error: no input files
compilation terminated.
configure:2858: $? = 4
configure:2847: g++ -qversion >&5
g++: error: unrecognized option '-qversion'
g++: fatal error: no input files
compilation terminated.
configure:2858: $? = 4
configure:2878: checking whether the C++ compiler works
configure:2900: g++    conftest.cpp  >&5
configure:2904: $? = 0
configure:2952: result: yes
configure:2955: checking for C++ compiler default output file name
configure:2957: result: a.out
configure:2963: checking for suffix of executables
configure:2970: g++ -o conftest    conftest.cpp  >&5
configure:2974: $? = 0
configure:2996: result: 
configure:3018: checking whether we are cross compiling
configure:3026: g++ -o conftest    conftest.cpp  >&5
configure:3030: $? = 0
configure:3037: ./conftest
configure:3041: $? = 0
configure:3056: result: no
configure:3061: checking for suffix of object files
configure:3083: g++ -c   conftest.cpp >&5
configure:3087: $? = 0
configure:3108: result: o
configure:3112: checking whether we are using the GNU C++ compiler
configure:3131: g++ -c   conftest.cpp >&5
configure:3131: $? = 0
configure:3140: result: yes
configure:3149: checking whether g++ accepts -g
configure:3169: g++ -c -g  conftest.cpp >&5
configure:3169: $? = 0
configure:3210: result: yes
configure:3244: checking for style of include used by make
configure:3272: result: GNU
configure:3298: checking dependency style of g++
configure:3409: result: gcc3
configure:3453: checking build system type
configure:3467: result: i686-pc-linux-gnu
configure:3487: checking host system type
configure:3500: result: i686-pc-linux-gnu
configure:3541: checking how to print strings
configure:3568: result: printf
configure:3637: checking for gcc
configure:3653: found /usr/bin/gcc
configure:3664: result: gcc
configure:3893: checking for C compiler version
configure:3902: gcc --version >&5
gcc (Ubuntu/Linaro 4.6.3-1ubuntu5) 4.6.3
Copyright (C) 2011 Free Software Foundation, Inc.
This is free software; see the source for copying conditions.  There is NO
warranty; not even for MERCHANTABILITY or FITNESS FOR A PARTICULAR PURPOSE.

configure:3913: $? = 0
configure:3902: gcc -v >&5
Using built-in specs.
COLLECT_GCC=gcc
COLLECT_LTO_WRAPPER=/usr/lib/gcc/i686-linux-gnu/4.6/lto-wrapper
Target: i686-linux-gnu
Configured with: ../src/configure -v --with-pkgversion='Ubuntu/Linaro 4.6.3-1ubuntu5' --with-bugurl=file:///usr/share/doc/gcc-4.6/README.Bugs --enable-languages=c,c++,fortran,objc,obj-c++ --prefix=/usr --program-suffix=-4.6 --enable-shared --enable-linker-build-id --with-system-zlib --libexecdir=/usr/lib --without-included-gettext --enable-threads=posix --with-gxx-include-dir=/usr/include/c++/4.6 --libdir=/usr/lib --enable-nls --with-sysroot=/ --enable-clocale=gnu --enable-libstdcxx-debug --enable-libstdcxx-time=yes --enable-gnu-unique-object --enable-plugin --enable-objc-gc --enable-targets=all --disable-werror --with-arch-32=i686 --with-tune=generic --enable-checking=release --build=i686-linux-gnu --host=i686-linux-gnu --target=i686-linux-gnu
Thread model: posix
gcc version 4.6.3 (Ubuntu/Linaro 4.6.3-1ubuntu5) 
configure:3913: $? = 0
configure:3902: gcc -V >&5
gcc: error: unrecognized option '-V'
gcc: fatal error: no input files
compilation terminated.
configure:3913: $? = 4
configure:3902: gcc -qversion >&5
gcc: error: unrecognized option '-qversion'
gcc: fatal error: no input files
compilation terminated.
configure:3913: $? = 4
configure:3917: checking whether we are using the GNU C compiler
configure:3936: gcc -c   conftest.c >&5
configure:3936: $? = 0
configure:3945: result: yes
configure:3954: checking whether gcc accepts -g
configure:3974: gcc -c -g  conftest.c >&5
configure:3974: $? = 0
configure:4015: result: yes
configure:4032: checking for gcc option to accept ISO C89
configure:4096: gcc  -c -g -O2  conftest.c >&5
configure:4096: $? = 0
configure:4109: result: none needed
configure:4131: checking dependency style of gcc
configure:4242: result: gcc3
configure:4257: checking for a sed that does not truncate output
configure:4321: result: /bin/sed
configure:4339: checking for grep that handles long lines and -e
configure:4397: result: /bin/grep
configure:4402: checking for egrep
configure:4464: result: /bin/grep -E
configure:4469: checking for fgrep
configure:4531: result: /bin/grep -F
configure:4566: checking for ld used by gcc
configure:4633: result: /usr/bin/ld
configure:4640: checking if the linker (/usr/bin/ld) is GNU ld
configure:4655: result: yes
configure:4667: checking for BSD- or MS-compatible name lister (nm)
configure:4716: result: /usr/bin/nm -B
configure:4846: checking the name lister (/usr/bin/nm -B) interface
configure:4853: gcc -c -g -O2  conftest.c >&5
configure:4856: /usr/bin/nm -B "conftest.o"
configure:4859: output
00000000 B some_variable
configure:4866: result: BSD nm
configure:4869: checking whether ln -s works
configure:4873: result: yes
configure:4881: checking the maximum length of command line arguments
configure:5011: result: 1572864
configure:5028: checking whether the shell understands some XSI constructs
configure:5038: result: yes
configure:5042: checking whether the shell understands "+="
configure:5048: result: yes
configure:5083: checking how to convert i686-pc-linux-gnu file names to i686-pc-linux-gnu format
configure:5123: result: func_convert_file_noop
configure:5130: checking how to convert i686-pc-linux-gnu file names to toolchain format
configure:5150: result: func_convert_file_noop
configure:5157: checking for /usr/bin/ld option to reload object files
configure:5164: result: -r
configure:5238: checking for objdump
configure:5254: found /usr/bin/objdump
configure:5265: result: objdump
configure:5297: checking how to recognize dependent libraries
configure:5499: result: pass_all
configure:5584: checking for dlltool
configure:5614: result: no
configure:5644: checking how to associate runtime and link libraries
configure:5671: result: printf %s\n
configure:5732: checking for ar
configure:5748: found /usr/bin/ar
configure:5759: result: ar
configure:5796: checking for archiver @FILE support
configure:5813: gcc -c -g -O2  conftest.c >&5
configure:5813: $? = 0
configure:5816: ar cru libconftest.a @conftest.lst >&5
configure:5819: $? = 0
configure:5824: ar cru libconftest.a @conftest.lst >&5
ar: conftest.o: No such file or directory
configure:5827: $? = 1
configure:5839: result: @
configure:5897: checking for strip
configure:5913: found /usr/bin/strip
configure:5924: result: strip
configure:5996: checking for ranlib
configure:6012: found /usr/bin/ranlib
configure:6023: result: ranlib
configure:6125: checking command to parse /usr/bin/nm -B output from gcc object
configure:6245: gcc -c -g -O2  conftest.c >&5
configure:6248: $? = 0
configure:6252: /usr/bin/nm -B conftest.o \| sed -n -e 's/^.*[ ]\([ABCDGIRSTW][ABCDGIRSTW]*\)[ ][ ]*\([_A-Za-z][_A-Za-z0-9]*\)$/\1 \2 \2/p' | sed '/ __gnu_lto/d' \> conftest.nm
configure:6255: $? = 0
configure:6321: gcc -o conftest -g -O2   conftest.c conftstm.o >&5
configure:6324: $? = 0
configure:6362: result: ok
configure:6399: checking for sysroot
configure:6429: result: no
configure:6685: checking for mt
configure:6701: found /bin/mt
configure:6712: result: mt
configure:6735: checking if mt is a manifest tool
configure:6741: mt '-?'
configure:6749: result: no
configure:7391: checking how to run the C preprocessor
configure:7422: gcc -E  conftest.c
configure:7422: $? = 0
configure:7436: gcc -E  conftest.c
conftest.c:9:28: fatal error: ac_nonexistent.h: No such file or directory
compilation terminated.
configure:7436: $? = 1
configure: failed program was:
| /* confdefs.h */
| #define PACKAGE_NAME "LibFIR"
| #define PACKAGE_TARNAME "fir"
| #define PACKAGE_VERSION "1.0"
| #define PACKAGE_STRING "LibFIR 1.0"
| #define PACKAGE_BUGREPORT "mail@berndporr.me.uk"
| #define PACKAGE_URL "http://www.berndporr.me.uk"
| /* end confdefs.h.  */
| #include <ac_nonexistent.h>
configure:7461: result: gcc -E
configure:7481: gcc -E  conftest.c
configure:7481: $? = 0
configure:7495: gcc -E  conftest.c
conftest.c:9:28: fatal error: ac_nonexistent.h: No such file or directory
compilation terminated.
configure:7495: $? = 1
configure: failed program was:
| /* confdefs.h */
| #define PACKAGE_NAME "LibFIR"
| #define PACKAGE_TARNAME "fir"
| #define PACKAGE_VERSION "1.0"
| #define PACKAGE_STRING "LibFIR 1.0"
| #define PACKAGE_BUGREPORT "mail@berndporr.me.uk"
| #define PACKAGE_URL "http://www.berndporr.me.uk"
| /* end confdefs.h.  */
| #include <ac_nonexistent.h>
configure:7524: checking for ANSI C header files
configure:7544: gcc -c -g -O2  conftest.c >&5
configure:7544: $? = 0
configure:7617: gcc -o conftest -g -O2   conftest.c  >&5
configure:7617: $? = 0
configure:7617: ./conftest
configure:7617: $? = 0
configure:7628: result: yes
configure:7641: checking for sys/types.h
configure:7641: gcc -c -g -O2  conftest.c >&5
configure:7641: $? = 0
configure:7641: result: yes
configure:7641: checking for sys/stat.h
configure:7641: gcc -c -g -O2  conftest.c >&5
configure:7641: $? = 0
configure:7641: result: yes
configure:7641: checking for stdlib.h
configure:7641: gcc -c -g -O2  conftest.c >&5
configure:7641: $? = 0
configure:7641: result: yes
configure:7641: checking for string.h
configure:7641: gcc -c -g -O2  conftest.c >&5
configure:7641: $? = 0
configure:7641: result: yes
configure:7641: checking for memory.h
configure:7641: gcc -c -g -O2  conftest.c >&5
configure:7641: $? = 0
configure:7641: result: yes
configure:7641: checking for strings.h
configure:7641: gcc -c -g -O2  conftest.c >&5
configure:7641: $? = 0
configure:7641: result: yes
configure:7641: checking for inttypes.h
configure:7641: gcc -c -g -O2  conftest.c >&5
configure:7641: $? = 0
configure:7641: result: yes
configure:7641: checking for stdint.h
configure:7641: gcc -c -g -O2  conftest.c >&5
configure:7641: $? = 0
configure:7641: result: yes
configure:7641: checking for unistd.h
configure:7641: gcc -c -g -O2  conftest.c >&5
configure:7641: $? = 0
configure:7641: result: yes
configure:7655: checking for dlfcn.h
configure:7655: gcc -c -g -O2  conftest.c >&5
configure:7655: $? = 0
configure:7655: result: yes
configure:7871: checking for objdir
configure:7886: result: .libs
configure:8157: checking if gcc supports -fno-rtti -fno-exceptions
configure:8175: gcc -c -g -O2  -fno-rtti -fno-exceptions conftest.c >&5
cc1: warning: command line option '-fno-rtti' is valid for C++/ObjC++ but not for C [enabled by default]
configure:8179: $? = 0
configure:8192: result: no
configure:8519: checking for gcc option to produce PIC
configure:8526: result: -fPIC -DPIC
configure:8534: checking if gcc PIC flag -fPIC -DPIC works
configure:8552: gcc -c -g -O2  -fPIC -DPIC -DPIC conftest.c >&5
configure:8556: $? = 0
configure:8569: result: yes
configure:8598: checking if gcc static flag -static works
configure:8626: result: yes
configure:8641: checking if gcc supports -c -o file.o
configure:8662: gcc -c -g -O2  -o out/conftest2.o conftest.c >&5
configure:8666: $? = 0
configure:8688: result: yes
configure:8696: checking if gcc supports -c -o file.o
configure:8743: result: yes
configure:8776: checking whether the gcc linker (/usr/bin/ld) supports shared libraries
configure:9933: result: yes
configure:9970: checking whether -lc should be explicitly linked in
configure:9978: gcc -c -g -O2  conftest.c >&5
configure:9981: $? = 0
configure:9996: gcc -shared  -fPIC -DPIC conftest.o  -v -Wl,-soname -Wl,conftest -o conftest 2\>\&1 \| /bin/grep  -lc  \>/dev/null 2\>\&1
configure:9999: $? = 0
configure:10013: result: no
configure:10173: checking dynamic linker characteristics
configure:10684: gcc -o conftest -g -O2   -Wl,-rpath -Wl,/foo conftest.c  >&5
configure:10684: $? = 0
configure:10918: result: GNU/Linux ld.so
configure:11025: checking how to hardcode library paths into programs
configure:11050: result: immediate
configure:11590: checking whether stripping libraries is possible
configure:11595: result: yes
configure:11630: checking if libtool supports shared libraries
configure:11632: result: yes
configure:11635: checking whether to build shared libraries
configure:11656: result: yes
configure:11659: checking whether to build static libraries
configure:11663: result: no
configure:11686: checking how to run the C++ preprocessor
configure:11713: g++ -E  conftest.cpp
configure:11713: $? = 0
configure:11727: g++ -E  conftest.cpp
conftest.cpp:21:28: fatal error: ac_nonexistent.h: No such file or directory
compilation terminated.
configure:11727: $? = 1
configure: failed program was:
| /* confdefs.h */
| #define PACKAGE_NAME "LibFIR"
| #define PACKAGE_TARNAME "fir"
| #define PACKAGE_VERSION "1.0"
| #define PACKAGE_STRING "LibFIR 1.0"
| #define PACKAGE_BUGREPORT "mail@berndporr.me.uk"
| #define PACKAGE_URL "http://www.berndporr.me.uk"
| #define STDC_HEADERS 1
| #define HAVE_SYS_TYPES_H 1
| #define HAVE_SYS_STAT_H 1
| #define HAVE_STDLIB_H 1
| #define HAVE_STRING_H 1
| #define HAVE_MEMORY_H 1
| #define HAVE_STRINGS_H 1
| #define HAVE_INTTYPES_H 1
| #define HAVE_STDINT_H 1
| #define HAVE_UNISTD_H 1
| #define HAVE_DLFCN_H 1
| #define LT_OBJDIR ".libs/"
| /* end confdefs.h.  */
| #include <ac_nonexistent.h>
configure:11752: result: g++ -E
configure:11772: g++ -E  conftest.cpp
configure:11772: $? = 0
configure:11786: g++ -E  conftest.cpp
conftest.cpp:21:28: fatal error: ac_nonexistent.h: No such file or directory
compilation terminated.
configure:11786: $? = 1
configure: failed program was:
| /* confdefs.h */
| #define PACKAGE_NAME "LibFIR"
| #define PACKAGE_TARNAME "fir"
| #define PACKAGE_VERSION "1.0"
| #define PACKAGE_STRING "LibFIR 1.0"
| #define PACKAGE_BUGREPORT "mail@berndporr.me.uk"
| #define PACKAGE_URL "http://www.berndporr.me.uk"
| #define STDC_HEADERS 1
| #define HAVE_SYS_TYPES_H 1
| #define HAVE_SYS_STAT_H 1
| #define HAVE_STDLIB_H 1
| #define HAVE_STRING_H 1
| #define HAVE_MEMORY_H 1
| #define HAVE_STRINGS_H 1
| #define HAVE_INTTYPES_H 1
| #define HAVE_STDINT_H 1
| #define HAVE_UNISTD_H 1
| #define HAVE_DLFCN_H 1
| #define LT_OBJDIR ".libs/"
| /* end confdefs.h.  */
| #include <ac_nonexistent.h>
configure:11955: checking for ld used by g++
configure:12022: result: /usr/bin/ld
configure:12029: checking if the linker (/usr/bin/ld) is GNU ld
configure:12044: result: yes
configure:12099: checking whether the g++ linker (/usr/bin/ld) supports shared libraries
configure:13104: result: yes
configure:13140: g++ -c -g -O2  conftest.cpp >&5
configure:13143: $? = 0
configure:13663: checking for g++ option to produce PIC
configure:13670: result: -fPIC -DPIC
configure:13678: checking if g++ PIC flag -fPIC -DPIC works
configure:13696: g++ -c -g -O2  -fPIC -DPIC -DPIC conftest.cpp >&5
configure:13700: $? = 0
configure:13713: result: yes
configure:13736: checking if g++ static flag -static works
configure:13764: result: yes
configure:13776: checking if g++ supports -c -o file.o
configure:13797: g++ -c -g -O2  -o out/conftest2.o conftest.cpp >&5
configure:13801: $? = 0
configure:13823: result: yes
configure:13828: checking if g++ supports -c -o file.o
configure:13875: result: yes
configure:13905: checking whether the g++ linker (/usr/bin/ld) supports shared libraries
configure:13944: result: yes
configure:14085: checking dynamic linker characteristics
configure:14764: result: GNU/Linux ld.so
configure:14817: checking how to hardcode library paths into programs
configure:14842: result: immediate
configure:15043: creating ./config.status

## ---------------------- ##
## Running config.status. ##
## ---------------------- ##

This file was extended by LibFIR config.status 1.0, which was
generated by GNU Autoconf 2.68.  Invocation command line was

  CONFIG_FILES    = 
  CONFIG_HEADERS  = 
  CONFIG_LINKS    = 
  CONFIG_COMMANDS = 
  $ ./config.status 

on bp1-x61

config.status:1153: creating Makefile
config.status:1153: creating fir.pc
config.status:1153: creating config.h
config.status:1153: creating firconfig.h
config.status:1382: executing depfiles commands
config.status:1382: executing libtool commands

## ---------------- ##
## Cache variables. ##
## ---------------- ##

ac_cv_build=i686-pc-linux-gnu
ac_cv_c_compiler_gnu=yes
ac_cv_cxx_compiler_gnu=yes
ac_cv_env_CCC_set=
ac_cv_env_CCC_value=
ac_cv_env_CC_set=
ac_cv_env_CC_value=
ac_cv_env_CFLAGS_set=
ac_cv_env_CFLAGS_value=
ac_cv_env_CPPFLAGS_set=
ac_cv_env_CPPFLAGS_value=
ac_cv_env_CPP_set=
ac_cv_env_CPP_value=
ac_cv_env_CXXCPP_set=
ac_cv_env_CXXCPP_value=
ac_cv_env_CXXFLAGS_set=
ac_cv_env_CXXFLAGS_value=
ac_cv_env_CXX_set=
ac_cv_env_CXX_value=
ac_cv_env_LDFLAGS_set=
ac_cv_env_LDFLAGS_value=
ac_cv_env_LIBS_set=
ac_cv_env_LIBS_value=
ac_cv_env_build_alias_set=
ac_cv_env_build_alias_value=
ac_cv_env_host_alias_set=
ac_cv_env_host_alias_value=
ac_cv_env_target_alias_set=
ac_cv_env_target_alias_value=
ac_cv_header_dlfcn_h=yes
ac_cv_header_inttypes_h=yes
ac_cv_header_memory_h=yes
ac_cv_header_stdc=yes
ac_cv_header_stdint_h=yes
ac_cv_header_stdlib_h=yes
ac_cv_header_string_h=yes
ac_cv_header_strings_h=yes
ac_cv_header_sys_stat_h=yes
ac_cv_header_sys_types_h=yes
ac_cv_header_unistd_h=yes
ac_cv_host=i686-pc-linux-gnu
ac_cv_objext=o
ac_cv_path_EGREP='/bin/grep -E'
ac_cv_path_FGREP='/bin/grep -F'
ac_cv_path_GREP=/bin/grep
ac_cv_path_SED=/bin/sed
ac_cv_path_install='/usr/bin/install -c'
ac_cv_path_mkdir=/bin/mkdir
ac_cv_prog_AWK=gawk
ac_cv_prog_CPP='gcc -E'
ac_cv_prog_CXXCPP='g++ -E'
ac_cv_prog_ac_ct_AR=ar
ac_cv_prog_ac_ct_CC=gcc
ac_cv_prog_ac_ct_CXX=g++
ac_cv_prog_ac_ct_MANIFEST_TOOL=mt
ac_cv_prog_ac_ct_OBJDUMP=objdump
ac_cv_prog_ac_ct_RANLIB=ranlib
ac_cv_prog_ac_ct_STRIP=strip
ac_cv_prog_cc_c89=
ac_cv_prog_cc_g=yes
ac_cv_prog_cxx_g=yes
ac_cv_prog_make_make_set=yes
am_cv_CC_dependencies_compiler_type=gcc3
am_cv_CXX_dependencies_compiler_type=gcc3
lt_cv_ar_at_file=@
lt_cv_archive_cmds_need_lc=no
lt_cv_deplibs_check_method=pass_all
lt_cv_file_magic_cmd='$MAGIC_CMD'
lt_cv_file_magic_test_file=
lt_cv_ld_reload_flag=-r
lt_cv_nm_interface='BSD nm'
lt_cv_objdir=.libs
lt_cv_path_LD=/usr/bin/ld
lt_cv_path_LDCXX=/usr/bin/ld
lt_cv_path_NM='/usr/bin/nm -B'
lt_cv_path_mainfest_tool=no
lt_cv_prog_compiler_c_o=yes
lt_cv_prog_compiler_c_o_CXX=yes
lt_cv_prog_compiler_pic='-fPIC -DPIC'
lt_cv_prog_compiler_pic_CXX='-fPIC -DPIC'
lt_cv_prog_compiler_pic_works=yes
lt_cv_prog_compiler_pic_works_CXX=yes
lt_cv_prog_compiler_rtti_exceptions=no
lt_cv_prog_compiler_static_works=yes
lt_cv_prog_compiler_static_works_CXX=yes
lt_cv_prog_gnu_ld=yes
lt_cv_prog_gnu_ldcxx=yes
lt_cv_sharedlib_from_linklib_cmd='printf %s\n'
lt_cv_shlibpath_overrides_runpath=no
lt_cv_sys_global_symbol_pipe='sed -n -e '\''s/^.*[	 ]\([ABCDGIRSTW][ABCDGIRSTW]*\)[	 ][	 ]*\([_A-Za-z][_A-Za-z0-9]*\)$/\1 \2 \2/p'\'' | sed '\''/ __gnu_lto/d'\'''
lt_cv_sys_global_symbol_to_c_name_address='sed -n -e '\''s/^: \([^ ]*\)[ ]*$/  {\"\1\", (void *) 0},/p'\'' -e '\''s/^[ABCDGIRSTW]* \([^ ]*\) \([^ ]*\)$/  {"\2", (void *) \&\2},/p'\'''
lt_cv_sys_global_symbol_to_c_name_address_lib_prefix='sed -n -e '\''s/^: \([^ ]*\)[ ]*$/  {\"\1\", (void *) 0},/p'\'' -e '\''s/^[ABCDGIRSTW]* \([^ ]*\) \(lib[^ ]*\)$/  {"\2", (void *) \&\2},/p'\'' -e '\''s/^[ABCDGIRSTW]* \([^ ]*\) \([^ ]*\)$/  {"lib\2", (void *) \&\2},/p'\'''
lt_cv_sys_global_symbol_to_cdecl='sed -n -e '\''s/^T .* \(.*\)$/extern int \1();/p'\'' -e '\''s/^[ABCDGIRSTW]* .* \(.*\)$/extern char \1;/p'\'''
lt_cv_sys_max_cmd_len=1572864
lt_cv_to_host_file_cmd=func_convert_file_noop
lt_cv_to_tool_file_cmd=func_convert_file_noop

## ----------------- ##
## Output variables. ##
## ----------------- ##

ACLOCAL='${SHELL} /home/bp1/sandbox/fir1/missing --run aclocal-1.11'
AMDEPBACKSLASH='\'
AMDEP_FALSE='#'
AMDEP_TRUE=''
AMTAR='$${TAR-tar}'
AR='ar'
AUTOCONF='${SHELL} /home/bp1/sandbox/fir1/missing --run autoconf'
AUTOHEADER='${SHELL} /home/bp1/sandbox/fir1/missing --run autoheader'
AUTOMAKE='${SHELL} /home/bp1/sandbox/fir1/missing --run automake-1.11'
AWK='gawk'
CC='gcc'
CCDEPMODE='depmode=gcc3'
CFLAGS='-g -O2'
CPP='gcc -E'
CPPFLAGS=''
CXX='g++'
CXXCPP='g++ -E'
CXXDEPMODE='depmode=gcc3'
CXXFLAGS='-g -O2'
CYGPATH_W='echo'
DEFS='-DHAVE_CONFIG_H'
DEPDIR='.deps'
DLLTOOL='false'
DSYMUTIL=''
DUMPBIN=''
ECHO_C=''
ECHO_N='-n'
ECHO_T=''
EGREP='/bin/grep -E'
EXEEXT=''
FGREP='/bin/grep -F'
FIR_SO_VERSION='1:0:0'
GREP='/bin/grep'
INSTALL_DATA='${INSTALL} -m 644'
INSTALL_PROGRAM='${INSTALL}'
INSTALL_SCRIPT='${INSTALL}'
INSTALL_STRIP_PROGRAM='$(install_sh) -c -s'
LD='/usr/bin/ld'
LDFLAGS=''
LIBOBJS=''
LIBS=''
LIBTOOL='$(SHELL) $(top_builddir)/libtool'
LIPO=''
LN_S='ln -s'
LTLIBOBJS=''
MAKEINFO='${SHELL} /home/bp1/sandbox/fir1/missing --run makeinfo'
MANIFEST_TOOL=':'
MKDIR_P='/bin/mkdir -p'
NM='/usr/bin/nm -B'
NMEDIT=''
OBJDUMP='objdump'
OBJEXT='o'
OTOOL64=''
OTOOL=''
PACKAGE='fir'
PACKAGE_BUGREPORT='mail@berndporr.me.uk'
PACKAGE_NAME='LibFIR'
PACKAGE_STRING='LibFIR 1.0'
PACKAGE_TARNAME='fir'
PACKAGE_URL='http://www.berndporr.me.uk'
PACKAGE_VERSION='1.0'
PATH_SEPARATOR=':'
RANLIB='ranlib'
SED='/bin/sed'
SET_MAKE=''
SHELL='/bin/bash'
STRIP='strip'
VERSION='1.0'
ac_ct_AR='ar'
ac_ct_CC='gcc'
ac_ct_CXX='g++'
ac_ct_DUMPBIN=''
am__EXEEXT_FALSE=''
am__EXEEXT_TRUE='#'
am__fastdepCC_FALSE='#'
am__fastdepCC_TRUE=''
am__fastdepCXX_FALSE='#'
am__fastdepCXX_TRUE=''
am__include='include'
am__isrc=''
am__leading_dot='.'
am__nodep='_no'
am__quote=''
am__tar='$${TAR-tar} chof - "$$tardir"'
am__untar='$${TAR-tar} xf -'
bindir='${exec_prefix}/bin'
build='i686-pc-linux-gnu'
build_alias=''
build_cpu='i686'
build_os='linux-gnu'
build_vendor='pc'
datadir='${datarootdir}'
datarootdir='${prefix}/share'
docdir='${datarootdir}/doc/${PACKAGE_TARNAME}'
dvidir='${docdir}'
exec_prefix='${prefix}'
host='i686-pc-linux-gnu'
host_alias=''
host_cpu='i686'
host_os='linux-gnu'
host_vendor='pc'
htmldir='${docdir}'
includedir='${prefix}/include'
infodir='${datarootdir}/info'
install_sh='${SHELL} /home/bp1/sandbox/fir1/install-sh'
libdir='${exec_prefix}/lib'
libexecdir='${exec_prefix}/libexec'
localedir='${datarootdir}/locale'
localstatedir='${prefix}/var'
mandir='${datarootdir}/man'
mkdir_p='/bin/mkdir -p'
oldincludedir='/usr/include'
pdfdir='${docdir}'
prefix='/usr/local'
program_transform_name='s,x,x,'
psdir='${docdir}'
sbindir='${exec_prefix}/sbin'
sharedstatedir='${prefix}/com'
sysconfdir='${prefix}/etc'
target_alias=''

## ----------- ##
## confdefs.h. ##
## ----------- ##

/* confdefs.h */
#define PACKAGE_NAME "LibFIR"
#define PACKAGE_TARNAME "fir"
#define PACKAGE_VERSION "1.0"
#define PACKAGE_STRING "LibFIR 1.0"
#define PACKAGE_BUGREPORT "mail@berndporr.me.uk"
#define PACKAGE_URL "http://www.berndporr.me.uk"
#define STDC_HEADERS 1
#define HAVE_SYS_TYPES_H 1
#define HAVE_SYS_STAT_H 1
#define HAVE_STDLIB_H 1
#define HAVE_STRING_H 1
#define HAVE_MEMORY_H 1
#define HAVE_STRINGS_H 1
#define HAVE_INTTYPES_H 1
#define HAVE_STDINT_H 1
#define HAVE_UNISTD_H 1
#define HAVE_DLFCN_H 1
#define LT_OBJDIR ".libs/"

configure: exit 0
